TN:
SF:config\config.js
FNF:0
FNH:0
DA:1,3
DA:3,3
DA:59,3
LF:3
LH:3
BRDA:4,0,0,3
BRDA:4,0,1,3
BRF:2
BRH:2
end_of_record
TN:
SF:middleware\errorHandler.js
FN:5,(anonymous_0)
FN:13,(anonymous_1)
FN:21,(anonymous_2)
FN:29,createErrorLog
FN:48,logError
FN:54,errorHandler
FNF:6
FNH:6
FNDA:14,(anonymous_0)
FNDA:2,(anonymous_1)
FNDA:2,(anonymous_2)
FNDA:12,createErrorLog
FNDA:12,logError
FNDA:12,errorHandler
DA:1,4
DA:6,14
DA:7,14
DA:8,14
DA:14,2
DA:15,2
DA:16,2
DA:22,2
DA:23,2
DA:24,2
DA:30,12
DA:49,12
DA:50,12
DA:55,12
DA:58,12
DA:61,12
DA:62,6
DA:68,6
DA:69,1
DA:75,5
DA:76,1
DA:83,4
DA:84,4
DA:90,4
DA:91,1
DA:94,4
DA:97,4
LF:27
LH:27
BRDA:32,0,0,12
BRDA:32,0,1,0
BRDA:61,1,0,6
BRDA:61,1,1,6
BRDA:68,2,0,1
BRDA:68,2,1,5
BRDA:75,3,0,1
BRDA:75,3,1,4
BRDA:83,4,0,4
BRDA:83,4,1,3
BRDA:85,5,0,1
BRDA:85,5,1,3
BRDA:85,6,0,2
BRDA:85,6,1,1
BRDA:90,7,0,1
BRDA:90,7,1,3
BRDA:90,8,0,4
BRDA:90,8,1,1
BRF:18
BRH:17
end_of_record
TN:
SF:middleware\validateRequest.js
FN:4,(anonymous_0)
FN:56,(anonymous_1)
FNF:2
FNH:2
FNDA:10,(anonymous_0)
FNDA:6,(anonymous_1)
DA:1,2
DA:2,2
DA:4,2
DA:5,10
DA:6,10
DA:9,10
DA:10,2
DA:11,8
DA:12,0
DA:13,8
DA:14,1
DA:18,10
DA:19,10
DA:20,0
DA:21,10
DA:22,3
DA:23,7
DA:24,1
DA:29,10
DA:30,10
DA:31,0
DA:32,10
DA:33,2
DA:34,8
DA:35,1
DA:40,10
DA:41,3
DA:42,3
DA:43,1
DA:48,10
DA:49,8
DA:50,8
DA:53,2
DA:56,2
DA:57,6
DA:58,6
DA:60,6
DA:61,2
DA:62,4
DA:63,0
DA:64,4
DA:65,2
DA:68,6
DA:69,4
DA:70,4
DA:73,2
DA:76,2
LF:47
LH:43
BRDA:9,0,0,2
BRDA:9,0,1,8
BRDA:11,1,0,0
BRDA:11,1,1,8
BRDA:13,2,0,1
BRDA:13,2,1,7
BRDA:13,3,0,8
BRDA:13,3,1,8
BRDA:18,4,0,10
BRDA:18,4,1,0
BRDA:19,5,0,0
BRDA:19,5,1,10
BRDA:21,6,0,3
BRDA:21,6,1,7
BRDA:21,7,0,10
BRDA:21,7,1,8
BRDA:23,8,0,1
BRDA:23,8,1,6
BRDA:29,9,0,10
BRDA:29,9,1,0
BRDA:30,10,0,0
BRDA:30,10,1,10
BRDA:32,11,0,2
BRDA:32,11,1,8
BRDA:32,12,0,10
BRDA:32,12,1,9
BRDA:34,13,0,1
BRDA:34,13,1,7
BRDA:40,14,0,3
BRDA:40,14,1,7
BRDA:42,15,0,1
BRDA:42,15,1,2
BRDA:48,16,0,8
BRDA:48,16,1,2
BRDA:60,17,0,2
BRDA:60,17,1,4
BRDA:62,18,0,0
BRDA:62,18,1,4
BRDA:64,19,0,2
BRDA:64,19,1,2
BRDA:68,20,0,4
BRDA:68,20,1,2
BRF:42
BRH:36
end_of_record
TN:
SF:routes\imageRoutes.js
FN:8,(anonymous_0)
FN:17,(anonymous_1)
FN:35,(anonymous_2)
FNF:3
FNH:3
FNDA:1,(anonymous_0)
FNDA:1,(anonymous_1)
FNDA:1,(anonymous_2)
DA:1,1
DA:2,1
DA:3,1
DA:4,1
DA:5,1
DA:6,1
DA:8,1
DA:9,1
DA:10,1
DA:11,1
DA:13,0
DA:17,1
DA:18,1
DA:19,1
DA:20,1
DA:22,1
DA:23,1
DA:28,0
DA:31,0
DA:35,1
DA:36,1
DA:38,1
DA:39,1
DA:42,1
DA:50,1
DA:58,1
DA:65,0
DA:66,0
DA:67,0
DA:68,0
DA:69,0
DA:70,0
DA:75,0
DA:80,1
LF:34
LH:24
BRDA:22,0,0,1
BRDA:22,0,1,0
BRDA:65,1,0,0
BRDA:65,1,1,0
BRDA:67,2,0,0
BRDA:67,2,1,0
BRDA:69,3,0,0
BRDA:69,3,1,0
BRF:8
BRH:1
end_of_record
TN:
SF:services\imageService.js
FN:6,(anonymous_0)
FN:12,(anonymous_1)
FN:52,(anonymous_2)
FN:71,(anonymous_3)
FNF:4
FNH:4
FNDA:7,(anonymous_0)
FNDA:5,(anonymous_1)
FNDA:1,(anonymous_2)
FNDA:1,(anonymous_3)
DA:1,1
DA:2,1
DA:3,1
DA:7,7
DA:8,7
DA:9,7
DA:13,5
DA:15,5
DA:16,5
DA:31,1
DA:36,4
DA:37,2
DA:38,1
DA:40,1
DA:41,1
DA:43,0
DA:45,2
DA:46,1
DA:48,1
DA:53,1
DA:54,1
DA:62,1
DA:64,0
DA:65,0
DA:67,0
DA:72,1
DA:73,1
DA:74,0
DA:75,0
DA:77,0
DA:82,1
LF:31
LH:24
BRDA:36,0,0,2
BRDA:36,0,1,2
BRDA:37,1,0,1
BRDA:37,1,1,1
BRDA:40,2,0,1
BRDA:40,2,1,0
BRDA:45,3,0,1
BRDA:45,3,1,1
BRDA:64,4,0,0
BRDA:64,4,1,0
BRDA:64,5,0,0
BRDA:64,5,1,0
BRDA:73,6,0,0
BRDA:73,6,1,1
BRDA:74,7,0,0
BRDA:74,7,1,0
BRF:16
BRH:8
end_of_record
