TN:
SF:config\config.js
FNF:0
FNH:0
DA:1,1
DA:3,1
DA:59,1
LF:3
LH:3
BRDA:4,0,0,1
BRDA:4,0,1,1
BRF:2
BRH:2
end_of_record
TN:
SF:middleware\errorHandler.js
FN:3,(anonymous_0)
FN:12,(anonymous_1)
FN:21,(anonymous_2)
FN:30,(anonymous_3)
FN:51,(anonymous_4)
FNF:5
FNH:0
FNDA:0,(anonymous_0)
FNDA:0,(anonymous_1)
FNDA:0,(anonymous_2)
FNDA:0,(anonymous_3)
FNDA:0,(anonymous_4)
DA:4,0
DA:5,0
DA:6,0
DA:7,0
DA:13,0
DA:14,0
DA:15,0
DA:16,0
DA:22,0
DA:23,0
DA:24,0
DA:25,0
DA:30,1
DA:31,0
DA:47,0
DA:51,1
DA:52,0
DA:55,0
DA:56,0
DA:57,0
DA:60,0
DA:63,0
DA:66,0
DA:69,0
DA:71,0
DA:72,0
DA:73,0
DA:75,0
DA:76,0
DA:77,0
DA:80,0
DA:81,0
DA:86,0
DA:93,1
LF:34
LH:3
BRDA:3,0,0,0
BRDA:12,1,0,0
BRDA:21,2,0,0
BRDA:33,3,0,0
BRDA:33,3,1,0
BRDA:55,4,0,0
BRDA:55,4,1,0
BRDA:56,5,0,0
BRDA:56,5,1,0
BRDA:60,6,0,0
BRDA:60,6,1,0
BRDA:60,6,2,0
BRDA:60,6,3,0
BRDA:60,6,4,0
BRDA:60,6,5,0
BRDA:80,7,0,0
BRDA:80,7,1,0
BRF:17
BRH:0
end_of_record
TN:
SF:middleware\validateRequest.js
FN:3,(anonymous_0)
FN:59,(anonymous_1)
FNF:2
FNH:2
FNDA:4,(anonymous_0)
FNDA:3,(anonymous_1)
DA:1,1
DA:3,1
DA:4,4
DA:5,4
DA:8,4
DA:9,1
DA:10,3
DA:11,0
DA:12,3
DA:13,0
DA:14,3
DA:15,0
DA:19,4
DA:20,4
DA:21,0
DA:22,4
DA:23,1
DA:24,3
DA:25,0
DA:30,4
DA:31,4
DA:32,0
DA:33,4
DA:34,0
DA:35,4
DA:36,0
DA:41,4
DA:42,2
DA:43,2
DA:44,1
DA:49,4
DA:50,3
DA:56,1
DA:59,1
DA:60,3
DA:61,3
DA:63,3
DA:64,1
DA:65,2
DA:66,0
DA:67,2
DA:68,2
DA:71,3
DA:72,3
DA:78,0
DA:81,1
LF:46
LH:36
BRDA:8,0,0,1
BRDA:8,0,1,3
BRDA:10,1,0,0
BRDA:10,1,1,3
BRDA:12,2,0,0
BRDA:12,2,1,3
BRDA:14,3,0,0
BRDA:14,3,1,3
BRDA:19,4,0,4
BRDA:19,4,1,0
BRDA:20,5,0,0
BRDA:20,5,1,4
BRDA:22,6,0,1
BRDA:22,6,1,3
BRDA:22,7,0,4
BRDA:22,7,1,3
BRDA:24,8,0,0
BRDA:24,8,1,3
BRDA:30,9,0,4
BRDA:30,9,1,0
BRDA:31,10,0,0
BRDA:31,10,1,4
BRDA:33,11,0,0
BRDA:33,11,1,4
BRDA:33,12,0,4
BRDA:33,12,1,4
BRDA:35,13,0,0
BRDA:35,13,1,4
BRDA:41,14,0,2
BRDA:41,14,1,2
BRDA:43,15,0,1
BRDA:43,15,1,1
BRDA:49,16,0,3
BRDA:49,16,1,1
BRDA:63,17,0,1
BRDA:63,17,1,2
BRDA:65,18,0,0
BRDA:65,18,1,2
BRDA:67,19,0,2
BRDA:67,19,1,0
BRDA:71,20,0,3
BRDA:71,20,1,0
BRF:42
BRH:29
end_of_record
TN:
SF:routes\imageRoutes.js
FN:8,(anonymous_0)
FN:17,(anonymous_1)
FN:35,(anonymous_2)
FNF:3
FNH:2
FNDA:1,(anonymous_0)
FNDA:0,(anonymous_1)
FNDA:1,(anonymous_2)
DA:1,1
DA:2,1
DA:3,1
DA:4,1
DA:5,1
DA:6,1
DA:8,1
DA:9,1
DA:10,1
DA:11,1
DA:13,0
DA:17,1
DA:18,0
DA:19,0
DA:20,0
DA:22,0
DA:23,0
DA:28,0
DA:31,0
DA:35,1
DA:36,1
DA:38,1
DA:39,1
DA:42,1
DA:50,1
DA:58,1
DA:65,0
DA:66,0
DA:67,0
DA:68,0
DA:69,0
DA:70,0
DA:75,0
DA:80,1
LF:34
LH:19
BRDA:22,0,0,0
BRDA:22,0,1,0
BRDA:65,1,0,0
BRDA:65,1,1,0
BRDA:67,2,0,0
BRDA:67,2,1,0
BRDA:69,3,0,0
BRDA:69,3,1,0
BRF:8
BRH:0
end_of_record
